[2025-10-15T05:41:06.561Z] FAILED LOGIN: Invalid password - admin@gmail.com
[2025-10-16T05:46:00.410Z] SUCCESSFUL LOGIN: admin@gmail.com (ADMIN)
[2025-10-16T05:46:02.791Z] SUCCESSFUL LOGIN: admin@gmail.com (ADMIN)
[2025-10-16T05:46:03.755Z] SUCCESSFUL LOGIN: admin@gmail.com (ADMIN)
[2025-10-16T05:46:04.323Z] SUCCESSFUL LOGIN: admin@gmail.com (ADMIN)
[2025-10-16T05:46:04.553Z] SUCCESSFUL LOGIN: admin@gmail.com (ADMIN)
[2025-10-16T05:46:18.264Z] SUCCESSFUL LOGIN: admin@gmail.com (ADMIN)
[2025-10-16T05:46:19.238Z] SUCCESSFUL LOGIN: admin@gmail.com (ADMIN)
[2025-10-16T05:46:19.424Z] SUCCESSFUL LOGIN: admin@gmail.com (ADMIN)
[2025-10-16T05:46:19.573Z] SUCCESSFUL LOGIN: admin@gmail.com (ADMIN)
[2025-10-16T05:46:19.720Z] SUCCESSFUL LOGIN: admin@gmail.com (ADMIN)
[2025-10-16T05:46:19.859Z] SUCCESSFUL LOGIN: admin@gmail.com (ADMIN)
[2025-10-16T05:46:19.992Z] SUCCESSFUL LOGIN: admin@gmail.com (ADMIN)
[2025-10-16T05:46:20.120Z] SUCCESSFUL LOGIN: admin@gmail.com (ADMIN)
[2025-10-16T05:46:20.243Z] SUCCESSFUL LOGIN: admin@gmail.com (ADMIN)
[2025-10-16T05:46:20.362Z] SUCCESSFUL LOGIN: admin@gmail.com (ADMIN)
[2025-10-16T05:46:20.495Z] SUCCESSFUL LOGIN: admin@gmail.com (ADMIN)
[2025-10-16T05:46:20.604Z] SUCCESSFUL LOGIN: admin@gmail.com (ADMIN)
[2025-10-16T05:46:20.741Z] SUCCESSFUL LOGIN: admin@gmail.com (ADMIN)
[2025-10-16T05:46:20.878Z] SUCCESSFUL LOGIN: admin@gmail.com (ADMIN)
[2025-10-16T05:46:20.984Z] SUCCESSFUL LOGIN: admin@gmail.com (ADMIN)
[2025-10-16T05:46:21.112Z] SUCCESSFUL LOGIN: admin@gmail.com (ADMIN)
[2025-10-16T05:46:21.216Z] SUCCESSFUL LOGIN: admin@gmail.com (ADMIN)
[2025-10-16T05:46:21.352Z] SUCCESSFUL LOGIN: admin@gmail.com (ADMIN)
[2025-10-16T05:46:21.481Z] SUCCESSFUL LOGIN: admin@gmail.com (ADMIN)
[2025-10-16T05:46:21.594Z] SUCCESSFUL LOGIN: admin@gmail.com (ADMIN)
[2025-10-16T05:46:21.721Z] SUCCESSFUL LOGIN: admin@gmail.com (ADMIN)
[2025-10-16T05:46:21.836Z] SUCCESSFUL LOGIN: admin@gmail.com (ADMIN)
[2025-10-16T05:46:21.980Z] SUCCESSFUL LOGIN: admin@gmail.com (ADMIN)
[2025-10-16T05:46:22.085Z] SUCCESSFUL LOGIN: admin@gmail.com (ADMIN)
[2025-10-16T05:46:22.200Z] SUCCESSFUL LOGIN: admin@gmail.com (ADMIN)
[2025-10-16T05:46:22.987Z] SUCCESSFUL LOGIN: admin@gmail.com (ADMIN)
[2025-10-16T05:46:23.150Z] SUCCESSFUL LOGIN: admin@gmail.com (ADMIN)
[2025-10-16T05:46:23.310Z] SUCCESSFUL LOGIN: admin@gmail.com (ADMIN)
[2025-10-16T05:46:23.430Z] SUCCESSFUL LOGIN: admin@gmail.com (ADMIN)
[2025-10-16T05:46:23.560Z] SUCCESSFUL LOGIN: admin@gmail.com (ADMIN)
[2025-10-16T05:46:23.662Z] SUCCESSFUL LOGIN: admin@gmail.com (ADMIN)
[2025-10-16T05:46:23.790Z] SUCCESSFUL LOGIN: admin@gmail.com (ADMIN)
[2025-10-16T10:01:52.068Z] FETCHED USERS: 7 users
[2025-10-16T10:03:59.047Z] FETCHED USERS: 7 users
[2025-10-16T10:08:57.911Z] FETCHED USERS: 7 users
[2025-10-16T10:13:34.659Z] FETCHED USERS: 7 users
[2025-10-16T10:17:33.724Z] FETCHED USERS: 7 users
[2025-10-16T10:19:51.686Z] FETCHED USERS: 7 users
[2025-10-16T10:19:58.862Z] FETCHED USERS: 7 users
[2025-10-16T10:20:14.176Z] FETCHED USERS: 7 users
[2025-10-16T10:24:42.841Z] FETCHED USERS: 7 users
[2025-10-16T10:25:25.476Z] FETCHED USERS: 7 users
[2025-10-16T10:49:31.096Z] FETCHED USERS: 7 users
[2025-10-16T10:57:26.242Z] FETCHED USERS: 7 users
[2025-10-16T11:17:00.477Z] FETCHED USERS: 7 users
[2025-10-16T11:19:39.021Z] FETCHED USERS: 7 users
[2025-10-16T11:19:56.186Z] FETCHED USERS: 7 users
[2025-10-16T11:20:09.893Z] FETCHED USERS: 7 users
[2025-10-16T11:20:10.907Z] FETCHED USERS: 7 users
[2025-10-16T11:20:11.154Z] FETCHED USERS: 7 users
[2025-10-16T11:20:11.524Z] FETCHED USERS: 7 users
[2025-10-16T11:20:11.765Z] FETCHED USERS: 7 users
[2025-10-16T11:20:11.995Z] FETCHED USERS: 7 users
[2025-10-16T11:20:12.178Z] FETCHED USERS: 7 users
[2025-10-16T11:20:12.397Z] FETCHED USERS: 7 users
[2025-10-16T11:20:12.803Z] FETCHED USERS: 7 users
[2025-10-16T11:20:13.006Z] FETCHED USERS: 7 users
[2025-10-16T11:20:13.241Z] FETCHED USERS: 7 users
[2025-10-16T11:20:13.492Z] FETCHED USERS: 7 users
[2025-10-16T11:20:17.250Z] FETCHED USERS: 7 users
[2025-10-16T11:20:17.928Z] FETCHED USERS: 7 users
[2025-10-16T11:21:14.388Z] FETCHED USERS: 7 users
[2025-10-16T11:27:53.311Z] FETCHED USERS: 7 users
[2025-10-16T11:27:53.673Z] FETCHED USERS: 7 users
[2025-10-17T02:05:36.583Z] FETCHED USERS: 7 users
[2025-10-17T02:06:29.685Z] FETCHED USERS: 7 users
[2025-10-19T16:17:44.890Z] FETCHED USERS: 7 users
[2025-10-21T06:52:44.454Z] FETCHED USERS: 7 users
[2025-10-21T06:53:47.804Z] FETCHED USERS: 7 users
[2025-10-21T06:53:54.728Z] FETCHED USERS: 7 users
[2025-10-21T06:54:14.372Z] FETCHED USERS: 7 users
[2025-10-22T07:09:21.163Z] FETCHED USERS: 7 users
[2025-10-28T05:32:42.685Z] FETCH USER: Verifying session...
[2025-10-28T05:32:42.691Z] FETCH USER: Verifying session...
[2025-10-28T05:32:42.697Z] ERROR FETCHING USER: Dynamic server usage: Route /custodian couldn't be rendered statically because it used `cookies`. See more info here: https://nextjs.org/docs/messages/dynamic-server-error
[2025-10-28T05:32:42.697Z] ERROR FETCHING USER: Dynamic server usage: Route /custodian couldn't be rendered statically because it used `cookies`. See more info here: https://nextjs.org/docs/messages/dynamic-server-error
[2025-10-28T05:32:42.814Z] FETCH USER: Verifying session...
[2025-10-28T05:32:42.815Z] FETCH USER: Verifying session...
[2025-10-28T05:32:42.817Z] ERROR FETCHING USER: Dynamic server usage: Route /custodian/items_logs couldn't be rendered statically because it used `cookies`. See more info here: https://nextjs.org/docs/messages/dynamic-server-error
[2025-10-28T05:32:42.818Z] ERROR FETCHING USER: Dynamic server usage: Route /custodian/items_logs couldn't be rendered statically because it used `cookies`. See more info here: https://nextjs.org/docs/messages/dynamic-server-error
[2025-10-28T05:34:40.675Z] FETCH USER: Verifying session...
[2025-10-28T05:34:40.681Z] FETCH USER: Verifying session...
[2025-10-28T05:34:40.686Z] ERROR FETCHING USER: Dynamic server usage: Route /custodian/items_logs couldn't be rendered statically because it used `cookies`. See more info here: https://nextjs.org/docs/messages/dynamic-server-error
[2025-10-28T05:34:40.686Z] ERROR FETCHING USER: Dynamic server usage: Route /custodian/items_logs couldn't be rendered statically because it used `cookies`. See more info here: https://nextjs.org/docs/messages/dynamic-server-error
[2025-10-28T05:38:19.304Z] FETCH USER: Verifying session...
[2025-10-28T05:38:19.415Z] FETCH USER FAILED: No active session found
[2025-10-28T05:38:40.846Z] FETCH USER: Verifying session...
[2025-10-28T05:38:40.850Z] FETCH USER: Verifying session...
[2025-10-28T05:38:40.876Z] FETCH USER: Session verified for aswani@gmail.com
[2025-10-28T05:38:40.877Z] FETCH USER: Session verified for aswani@gmail.com
[2025-10-28T05:38:41.195Z] FETCH USER SUCCESS: aswani@gmail.com (role=CUSTODIAN)
[2025-10-28T05:38:41.297Z] FETCH USER SUCCESS: aswani@gmail.com (role=CUSTODIAN)
[2025-10-28T05:38:41.298Z] FETCH CUSTODIAN STARTED: Attempting to fetch custodian with userId/email: aswani@gmail.com
[2025-10-28T05:38:41.320Z] FETCH CUSTODIAN SUCCESS: Custodian "aswani" fetched successfully with 6 labs
[2025-10-28T05:38:41.356Z] FETCH USER: Verifying session...
[2025-10-28T05:38:41.366Z] FETCH USER: Session verified for aswani@gmail.com
[2025-10-28T05:38:41.378Z] FETCH USER SUCCESS: aswani@gmail.com (role=CUSTODIAN)
[2025-10-28T05:38:41.379Z] FETCH CUSTODIAN STARTED: Attempting to fetch custodian with userId/email: aswani@gmail.com
[2025-10-28T05:38:41.390Z] FETCH CUSTODIAN SUCCESS: Custodian "aswani" fetched successfully with 6 labs
[2025-10-28T05:38:41.709Z] FETCH USER: Verifying session...
[2025-10-28T05:38:41.711Z] FETCH USER: Verifying session...
[2025-10-28T05:38:41.722Z] FETCH USER: Session verified for aswani@gmail.com
[2025-10-28T05:38:41.723Z] FETCH USER: Session verified for aswani@gmail.com
[2025-10-28T05:38:41.732Z] FETCH USER SUCCESS: aswani@gmail.com (role=CUSTODIAN)
[2025-10-28T05:38:41.733Z] FETCH USER SUCCESS: aswani@gmail.com (role=CUSTODIAN)
[2025-10-28T05:38:41.734Z] FETCH CUSTODIAN STARTED: Attempting to fetch custodian with userId/email: aswani@gmail.com
[2025-10-28T05:38:41.828Z] FETCH CUSTODIAN SUCCESS: Custodian "aswani" fetched successfully with 6 labs
[2025-10-28T05:38:42.576Z] FETCH USER: Verifying session...
[2025-10-28T05:38:42.579Z] FETCH USER: Verifying session...
[2025-10-28T05:38:42.626Z] FETCH USER: Session verified for aswani@gmail.com
[2025-10-28T05:38:42.628Z] FETCH USER: Session verified for aswani@gmail.com
[2025-10-28T05:38:42.646Z] FETCH USER SUCCESS: aswani@gmail.com (role=CUSTODIAN)
[2025-10-28T05:38:42.646Z] FETCH CUSTODIAN STARTED: Attempting to fetch custodian with userId/email: aswani@gmail.com
[2025-10-28T05:38:42.648Z] FETCH USER SUCCESS: aswani@gmail.com (role=CUSTODIAN)
[2025-10-28T05:38:42.658Z] FETCH CUSTODIAN SUCCESS: Custodian "aswani" fetched successfully with 6 labs
[2025-10-28T05:38:54.488Z] FETCH USER: Verifying session...
[2025-10-28T05:38:54.492Z] FETCH USER: Verifying session...
[2025-10-28T05:38:54.546Z] FETCH USER: Session verified for aswani@gmail.com
[2025-10-28T05:38:54.548Z] FETCH USER: Session verified for aswani@gmail.com
[2025-10-28T05:38:54.838Z] FETCH USER SUCCESS: aswani@gmail.com (role=CUSTODIAN)
[2025-10-28T05:38:55.016Z] FETCH USER SUCCESS: aswani@gmail.com (role=CUSTODIAN)
[2025-10-28T05:45:51.197Z] FETCH USER: Verifying session...
[2025-10-28T05:45:51.206Z] FETCH USER: Verifying session...
[2025-10-28T05:45:51.255Z] FETCH USER: Session verified for aswani@gmail.com
[2025-10-28T05:45:51.257Z] FETCH USER: Session verified for aswani@gmail.com
[2025-10-28T05:45:51.676Z] FETCH USER SUCCESS: aswani@gmail.com (role=CUSTODIAN)
[2025-10-28T05:45:51.678Z] FETCH USER SUCCESS: aswani@gmail.com (role=CUSTODIAN)
[2025-10-28T05:47:52.241Z] FETCH USER: Verifying session...
[2025-10-28T05:47:52.291Z] FETCH USER: Session verified for aswani@gmail.com
[2025-10-28T05:47:52.549Z] FETCH USER SUCCESS: aswani@gmail.com (role=CUSTODIAN)
[2025-10-28T05:47:58.017Z] FETCH USER: Verifying session...
[2025-10-28T05:47:58.022Z] FETCH USER: Verifying session...
[2025-10-28T05:47:58.072Z] FETCH USER: Session verified for aswani@gmail.com
[2025-10-28T05:47:58.073Z] FETCH USER: Session verified for aswani@gmail.com
[2025-10-28T05:47:58.335Z] FETCH USER SUCCESS: aswani@gmail.com (role=CUSTODIAN)
[2025-10-28T05:48:00.069Z] FETCH USER SUCCESS: aswani@gmail.com (role=CUSTODIAN)
[2025-10-28T05:48:00.070Z] FETCH CUSTODIAN STARTED: Attempting to fetch custodian with userId/email: aswani@gmail.com
[2025-10-28T05:48:00.084Z] FETCH CUSTODIAN SUCCESS: Custodian "aswani" fetched successfully with 6 labs
[2025-10-28T05:48:07.163Z] FETCH USER: Verifying session...
[2025-10-28T05:48:07.168Z] FETCH USER: Verifying session...
[2025-10-28T05:48:07.228Z] FETCH USER: Session verified for aswani@gmail.com
[2025-10-28T05:48:07.229Z] FETCH USER: Session verified for aswani@gmail.com
[2025-10-28T05:48:07.506Z] FETCH USER SUCCESS: aswani@gmail.com (role=CUSTODIAN)
[2025-10-28T05:48:09.628Z] FETCH USER SUCCESS: aswani@gmail.com (role=CUSTODIAN)
[2025-10-28T05:48:44.056Z] FETCH USER: Verifying session...
[2025-10-28T05:48:44.060Z] FETCH USER: Verifying session...
[2025-10-28T05:48:44.091Z] FETCH USER: Session verified for aswani@gmail.com
[2025-10-28T05:48:44.093Z] FETCH USER: Session verified for aswani@gmail.com
[2025-10-28T05:48:44.366Z] FETCH USER SUCCESS: aswani@gmail.com (role=CUSTODIAN)
[2025-10-28T05:48:44.514Z] FETCH USER SUCCESS: aswani@gmail.com (role=CUSTODIAN)
[2025-10-28T05:48:45.021Z] FETCH USER: Verifying session...
[2025-10-28T05:48:45.024Z] FETCH USER: Verifying session...
[2025-10-28T05:48:45.057Z] FETCH USER: Session verified for aswani@gmail.com
[2025-10-28T05:48:45.058Z] FETCH USER: Session verified for aswani@gmail.com
[2025-10-28T05:48:45.098Z] FETCH USER SUCCESS: aswani@gmail.com (role=CUSTODIAN)
[2025-10-28T05:48:45.100Z] FETCH USER SUCCESS: aswani@gmail.com (role=CUSTODIAN)
[2025-10-28T07:40:16.281Z] FETCH USER: Verifying session...
[2025-10-28T07:40:16.283Z] FETCH USER: Verifying session...
[2025-10-28T07:40:16.303Z] FETCH USER: Session verified for aswani@gmail.com
[2025-10-28T07:40:16.304Z] FETCH USER: Session verified for aswani@gmail.com
[2025-10-28T07:40:16.365Z] FETCH USER SUCCESS: aswani@gmail.com (role=CUSTODIAN)
[2025-10-28T07:40:16.540Z] FETCH USER SUCCESS: aswani@gmail.com (role=CUSTODIAN)
[2025-10-28T07:40:24.855Z] FETCH USER: Verifying session...
[2025-10-28T07:40:24.857Z] FETCH USER: Verifying session...
[2025-10-28T07:40:24.868Z] FETCH USER: Session verified for aswani@gmail.com
[2025-10-28T07:40:24.869Z] FETCH USER: Session verified for aswani@gmail.com
[2025-10-28T07:40:24.873Z] FETCH USER SUCCESS: aswani@gmail.com (role=CUSTODIAN)
[2025-10-28T07:40:24.874Z] FETCH USER SUCCESS: aswani@gmail.com (role=CUSTODIAN)
[2025-10-28T07:40:24.874Z] FETCH CUSTODIAN STARTED: Attempting to fetch custodian with userId/email: aswani@gmail.com
[2025-10-28T07:40:24.894Z] FETCH CUSTODIAN SUCCESS: Custodian "aswani" fetched successfully with 6 labs
[2025-10-28T07:40:26.852Z] FETCH USER: Verifying session...
[2025-10-28T07:40:26.854Z] FETCH USER: Verifying session...
[2025-10-28T07:40:26.871Z] FETCH USER: Session verified for aswani@gmail.com
[2025-10-28T07:40:26.872Z] FETCH USER: Session verified for aswani@gmail.com
[2025-10-28T07:40:26.880Z] FETCH USER SUCCESS: aswani@gmail.com (role=CUSTODIAN)
[2025-10-28T07:40:26.882Z] FETCH USER SUCCESS: aswani@gmail.com (role=CUSTODIAN)
[2025-10-28T07:40:28.513Z] FETCH USER: Verifying session...
[2025-10-28T07:40:28.515Z] FETCH USER: Verifying session...
[2025-10-28T07:40:28.528Z] FETCH USER: Session verified for aswani@gmail.com
[2025-10-28T07:40:28.529Z] FETCH USER: Session verified for aswani@gmail.com
[2025-10-28T07:40:28.533Z] FETCH USER SUCCESS: aswani@gmail.com (role=CUSTODIAN)
[2025-10-28T07:40:28.534Z] FETCH USER SUCCESS: aswani@gmail.com (role=CUSTODIAN)
[2025-10-28T07:40:33.034Z] FETCH USER: Verifying session...
[2025-10-28T07:40:33.035Z] FETCH USER: Verifying session...
[2025-10-28T07:40:33.047Z] FETCH USER: Session verified for aswani@gmail.com
[2025-10-28T07:40:33.047Z] FETCH USER: Session verified for aswani@gmail.com
[2025-10-28T07:40:33.054Z] FETCH USER SUCCESS: aswani@gmail.com (role=CUSTODIAN)
[2025-10-28T07:40:33.060Z] FETCH USER SUCCESS: aswani@gmail.com (role=CUSTODIAN)
[2025-10-28T07:40:33.060Z] FETCH CUSTODIAN STARTED: Attempting to fetch custodian with userId/email: aswani@gmail.com
[2025-10-28T07:40:33.078Z] FETCH CUSTODIAN SUCCESS: Custodian "aswani" fetched successfully with 6 labs
[2025-10-28T07:40:35.207Z] FETCH USER: Verifying session...
[2025-10-28T07:40:35.209Z] FETCH USER: Verifying session...
[2025-10-28T07:40:35.221Z] FETCH USER: Session verified for aswani@gmail.com
[2025-10-28T07:40:35.222Z] FETCH USER: Session verified for aswani@gmail.com
[2025-10-28T07:40:35.228Z] FETCH USER SUCCESS: aswani@gmail.com (role=CUSTODIAN)
[2025-10-28T07:40:35.228Z] FETCH USER SUCCESS: aswani@gmail.com (role=CUSTODIAN)
[2025-10-28T07:40:42.733Z] FETCH USER: Verifying session...
[2025-10-28T07:40:42.735Z] FETCH USER: Verifying session...
[2025-10-28T07:40:42.748Z] FETCH USER: Session verified for aswani@gmail.com
[2025-10-28T07:40:42.749Z] FETCH USER: Session verified for aswani@gmail.com
[2025-10-28T07:40:42.753Z] FETCH USER SUCCESS: aswani@gmail.com (role=CUSTODIAN)
[2025-10-28T07:40:42.754Z] FETCH USER SUCCESS: aswani@gmail.com (role=CUSTODIAN)
[2025-10-28T07:40:45.120Z] FETCH USER: Verifying session...
[2025-10-28T07:40:45.122Z] FETCH USER: Verifying session...
[2025-10-28T07:40:45.137Z] FETCH USER: Session verified for aswani@gmail.com
[2025-10-28T07:40:45.137Z] FETCH USER: Session verified for aswani@gmail.com
[2025-10-28T07:40:45.142Z] FETCH USER SUCCESS: aswani@gmail.com (role=CUSTODIAN)
[2025-10-28T07:40:45.143Z] FETCH USER SUCCESS: aswani@gmail.com (role=CUSTODIAN)
[2025-10-28T09:34:55.324Z] FETCH USER: Verifying session...
[2025-10-28T09:34:55.332Z] FETCH USER: Verifying session...
[2025-10-28T09:34:55.341Z] ERROR FETCHING USER: Dynamic server usage: Route /admin couldn't be rendered statically because it used `cookies`. See more info here: https://nextjs.org/docs/messages/dynamic-server-error
[2025-10-28T09:34:55.342Z] ERROR FETCHING USER: Dynamic server usage: Route /admin couldn't be rendered statically because it used `cookies`. See more info here: https://nextjs.org/docs/messages/dynamic-server-error
[2025-10-28T09:34:55.408Z] FETCH USER: Verifying session...
[2025-10-28T09:34:55.411Z] ERROR FETCHING USER: Dynamic server usage: Route /admin/laboratory couldn't be rendered statically because it used `cookies`. See more info here: https://nextjs.org/docs/messages/dynamic-server-error
[2025-10-28T09:34:55.438Z] FETCH USER: Verifying session...
[2025-10-28T09:34:55.439Z] FETCH USER: Verifying session...
[2025-10-28T09:34:55.441Z] ERROR FETCHING USER: Dynamic server usage: Route /custodian/notification couldn't be rendered statically because it used `cookies`. See more info here: https://nextjs.org/docs/messages/dynamic-server-error
[2025-10-28T09:34:55.442Z] ERROR FETCHING USER: Dynamic server usage: Route /custodian/notification couldn't be rendered statically because it used `cookies`. See more info here: https://nextjs.org/docs/messages/dynamic-server-error
[2025-10-28T09:34:55.505Z] FETCH USER: Verifying session...
[2025-10-28T09:34:55.507Z] FETCH USER: Verifying session...
[2025-10-28T09:34:55.509Z] ERROR FETCHING USER: Dynamic server usage: Route /user couldn't be rendered statically because it used `cookies`. See more info here: https://nextjs.org/docs/messages/dynamic-server-error
[2025-10-28T09:34:55.509Z] ERROR FETCHING USER: Dynamic server usage: Route /user couldn't be rendered statically because it used `cookies`. See more info here: https://nextjs.org/docs/messages/dynamic-server-error
[2025-10-28T09:34:55.532Z] FETCH USER: Verifying session...
[2025-10-28T09:34:55.533Z] FETCH USER: Verifying session...
[2025-10-28T09:34:55.534Z] ERROR FETCHING USER: Dynamic server usage: Route /custodian/profile couldn't be rendered statically because it used `cookies`. See more info here: https://nextjs.org/docs/messages/dynamic-server-error
[2025-10-28T09:34:55.535Z] ERROR FETCHING USER: Dynamic server usage: Route /custodian/profile couldn't be rendered statically because it used `cookies`. See more info here: https://nextjs.org/docs/messages/dynamic-server-error
[2025-10-28T09:34:55.668Z] FETCH LABS STARTED: Fetching all lab details with departments, custodians, and assignments
[2025-10-28T09:34:55.756Z] FETCH LABS SUCCESS: Retrieved 8 labs from database
[2025-10-28T09:34:55.857Z] FETCH USER: Verifying session...
[2025-10-28T09:34:55.859Z] ERROR FETCHING USER: Dynamic server usage: Route /admin/users couldn't be rendered statically because it used `cookies`. See more info here: https://nextjs.org/docs/messages/dynamic-server-error
[2025-10-28T09:34:55.870Z] FETCH USER: Verifying session...
[2025-10-28T09:34:55.872Z] ERROR FETCHING USER: Dynamic server usage: Route / couldn't be rendered statically because it used `cookies`. See more info here: https://nextjs.org/docs/messages/dynamic-server-error
[2025-10-28T09:34:55.900Z] FETCH USER: Verifying session...
[2025-10-28T09:34:55.901Z] FETCH USER: Verifying session...
[2025-10-28T09:34:55.903Z] ERROR FETCHING USER: Dynamic server usage: Route /user/inventory couldn't be rendered statically because it used `cookies`. See more info here: https://nextjs.org/docs/messages/dynamic-server-error
[2025-10-28T09:34:55.904Z] ERROR FETCHING USER: Dynamic server usage: Route /user/inventory couldn't be rendered statically because it used `cookies`. See more info here: https://nextjs.org/docs/messages/dynamic-server-error
[2025-10-28T09:34:55.904Z] FETCH LABS STARTED: Fetching all lab details with departments, custodians, and assignments
[2025-10-28T09:34:55.938Z] FETCH USER: Verifying session...
[2025-10-28T09:34:55.940Z] ERROR FETCHING USER: Dynamic server usage: Route /admin/items_logs couldn't be rendered statically because it used `cookies`. See more info here: https://nextjs.org/docs/messages/dynamic-server-error
[2025-10-28T09:34:55.953Z] FETCH USER: Verifying session...
[2025-10-28T09:34:55.955Z] ERROR FETCHING USER: Dynamic server usage: Route /login couldn't be rendered statically because it used `cookies`. See more info here: https://nextjs.org/docs/messages/dynamic-server-error
[2025-10-28T09:34:55.974Z] FETCH USER: Verifying session...
[2025-10-28T09:34:55.975Z] FETCH USER: Verifying session...
[2025-10-28T09:34:55.977Z] ERROR FETCHING USER: Dynamic server usage: Route /custodian couldn't be rendered statically because it used `cookies`. See more info here: https://nextjs.org/docs/messages/dynamic-server-error
[2025-10-28T09:34:55.977Z] ERROR FETCHING USER: Dynamic server usage: Route /custodian couldn't be rendered statically because it used `cookies`. See more info here: https://nextjs.org/docs/messages/dynamic-server-error
[2025-10-28T09:34:55.989Z] FETCH USER: Verifying session...
[2025-10-28T09:34:55.991Z] ERROR FETCHING USER: Dynamic server usage: Route /_not-found couldn't be rendered statically because it used `cookies`. See more info here: https://nextjs.org/docs/messages/dynamic-server-error
[2025-10-28T09:34:55.997Z] FETCHED USERS: 7 users
[2025-10-28T09:34:55.998Z] FETCH LABS STARTED: Fetching all lab details with departments, custodians, and assignments
[2025-10-28T09:34:55.999Z] FETCH LABS SUCCESS: Retrieved 8 labs from database
[2025-10-28T09:34:56.024Z] FETCH USER: Verifying session...
[2025-10-28T09:34:56.025Z] ERROR FETCHING USER: Dynamic server usage: Route /register couldn't be rendered statically because it used `cookies`. See more info here: https://nextjs.org/docs/messages/dynamic-server-error
[2025-10-28T09:34:56.029Z] FETCH LABS SUCCESS: Retrieved 8 labs from database
[2025-10-28T09:34:56.161Z] FETCH USER: Verifying session...
[2025-10-28T09:34:56.162Z] FETCH USER: Verifying session...
[2025-10-28T09:34:56.164Z] ERROR FETCHING USER: Dynamic server usage: Route /custodian/items_logs couldn't be rendered statically because it used `cookies`. See more info here: https://nextjs.org/docs/messages/dynamic-server-error
[2025-10-28T09:34:56.165Z] ERROR FETCHING USER: Dynamic server usage: Route /custodian/items_logs couldn't be rendered statically because it used `cookies`. See more info here: https://nextjs.org/docs/messages/dynamic-server-error
[2025-10-28T09:40:18.644Z] FETCH USER: Verifying session...
[2025-10-28T09:40:18.651Z] ERROR FETCHING USER: Dynamic server usage: Route / couldn't be rendered statically because it used `cookies`. See more info here: https://nextjs.org/docs/messages/dynamic-server-error
[2025-10-28T09:40:18.703Z] FETCH USER: Verifying session...
[2025-10-28T09:40:18.705Z] ERROR FETCHING USER: Dynamic server usage: Route /admin/items_logs couldn't be rendered statically because it used `cookies`. See more info here: https://nextjs.org/docs/messages/dynamic-server-error
[2025-10-28T09:40:18.714Z] FETCH USER: Verifying session...
[2025-10-28T09:40:18.715Z] FETCH USER: Verifying session...
[2025-10-28T09:40:18.717Z] ERROR FETCHING USER: Dynamic server usage: Route /custodian/profile couldn't be rendered statically because it used `cookies`. See more info here: https://nextjs.org/docs/messages/dynamic-server-error
[2025-10-28T09:40:18.717Z] ERROR FETCHING USER: Dynamic server usage: Route /custodian/profile couldn't be rendered statically because it used `cookies`. See more info here: https://nextjs.org/docs/messages/dynamic-server-error
[2025-10-28T09:40:18.732Z] FETCH USER: Verifying session...
[2025-10-28T09:40:18.733Z] ERROR FETCHING USER: Dynamic server usage: Route /login couldn't be rendered statically because it used `cookies`. See more info here: https://nextjs.org/docs/messages/dynamic-server-error
[2025-10-28T09:40:18.755Z] FETCH USER: Verifying session...
[2025-10-28T09:40:18.756Z] ERROR FETCHING USER: Dynamic server usage: Route /_not-found couldn't be rendered statically because it used `cookies`. See more info here: https://nextjs.org/docs/messages/dynamic-server-error
[2025-10-28T09:40:18.828Z] FETCH USER: Verifying session...
[2025-10-28T09:40:18.829Z] FETCH USER: Verifying session...
[2025-10-28T09:40:18.830Z] ERROR FETCHING USER: Dynamic server usage: Route /custodian/items_logs couldn't be rendered statically because it used `cookies`. See more info here: https://nextjs.org/docs/messages/dynamic-server-error
[2025-10-28T09:40:18.831Z] ERROR FETCHING USER: Dynamic server usage: Route /custodian/items_logs couldn't be rendered statically because it used `cookies`. See more info here: https://nextjs.org/docs/messages/dynamic-server-error
[2025-10-28T09:40:18.848Z] FETCH USER: Verifying session...
[2025-10-28T09:40:18.849Z] FETCH DEPARTMENT STARTED: Fetching all departments with labs and custodians
[2025-10-28T09:40:18.850Z] ERROR FETCHING USER: Dynamic server usage: Route /admin/inventory couldn't be rendered statically because it used `cookies`. See more info here: https://nextjs.org/docs/messages/dynamic-server-error
[2025-10-28T09:40:18.866Z] FETCH USER: Verifying session...
[2025-10-28T09:40:18.868Z] ERROR FETCHING USER: Dynamic server usage: Route /register couldn't be rendered statically because it used `cookies`. See more info here: https://nextjs.org/docs/messages/dynamic-server-error
[2025-10-28T09:40:18.883Z] FETCH USER: Verifying session...
[2025-10-28T09:40:18.884Z] FETCH USER: Verifying session...
[2025-10-28T09:40:18.885Z] ERROR FETCHING USER: Dynamic server usage: Route /user/inventory couldn't be rendered statically because it used `cookies`. See more info here: https://nextjs.org/docs/messages/dynamic-server-error
[2025-10-28T09:40:18.885Z] ERROR FETCHING USER: Dynamic server usage: Route /user/inventory couldn't be rendered statically because it used `cookies`. See more info here: https://nextjs.org/docs/messages/dynamic-server-error
[2025-10-28T09:40:18.886Z] FETCH LABS STARTED: Fetching all lab details with departments, custodians, and assignments
[2025-10-28T09:40:18.893Z] FETCH USER: Verifying session...
[2025-10-28T09:40:18.893Z] FETCH USER: Verifying session...
[2025-10-28T09:40:18.894Z] ERROR FETCHING USER: Dynamic server usage: Route /custodian/notification couldn't be rendered statically because it used `cookies`. See more info here: https://nextjs.org/docs/messages/dynamic-server-error
[2025-10-28T09:40:18.895Z] ERROR FETCHING USER: Dynamic server usage: Route /custodian/notification couldn't be rendered statically because it used `cookies`. See more info here: https://nextjs.org/docs/messages/dynamic-server-error
[2025-10-28T09:40:18.903Z] FETCH USER: Verifying session...
[2025-10-28T09:40:18.904Z] FETCH USER: Verifying session...
[2025-10-28T09:40:18.905Z] ERROR FETCHING USER: Dynamic server usage: Route /user couldn't be rendered statically because it used `cookies`. See more info here: https://nextjs.org/docs/messages/dynamic-server-error
[2025-10-28T09:40:18.905Z] ERROR FETCHING USER: Dynamic server usage: Route /user couldn't be rendered statically because it used `cookies`. See more info here: https://nextjs.org/docs/messages/dynamic-server-error
[2025-10-28T09:40:18.914Z] FETCH USER: Verifying session...
[2025-10-28T09:40:18.915Z] FETCH USER: Verifying session...
[2025-10-28T09:40:18.916Z] ERROR FETCHING USER: Dynamic server usage: Route /custodian couldn't be rendered statically because it used `cookies`. See more info here: https://nextjs.org/docs/messages/dynamic-server-error
[2025-10-28T09:40:18.917Z] ERROR FETCHING USER: Dynamic server usage: Route /custodian couldn't be rendered statically because it used `cookies`. See more info here: https://nextjs.org/docs/messages/dynamic-server-error
[2025-10-28T09:40:18.928Z] FETCH USER: Verifying session...
[2025-10-28T09:40:18.929Z] ERROR FETCHING USER: Dynamic server usage: Route /admin/users couldn't be rendered statically because it used `cookies`. See more info here: https://nextjs.org/docs/messages/dynamic-server-error
[2025-10-28T09:40:19.006Z] FETCH LABS SUCCESS: Retrieved 8 labs from database
[2025-10-28T09:40:19.041Z] FETCHED USERS: 7 users
[2025-10-28T09:40:19.041Z] FETCH LABS STARTED: Fetching all lab details with departments, custodians, and assignments
[2025-10-28T09:40:19.050Z] FETCH LABS SUCCESS: Retrieved 8 labs from database
[2025-10-28T09:40:19.143Z] FETCH DEPARTMENT SUCCESS: Retrieved 6 departments
[2025-10-28T09:40:19.156Z] FETCH USER: Verifying session...
[2025-10-28T09:40:19.157Z] ERROR FETCHING USER: Dynamic server usage: Route /admin/laboratory couldn't be rendered statically because it used `cookies`. See more info here: https://nextjs.org/docs/messages/dynamic-server-error
[2025-10-28T09:40:19.176Z] FETCH USER: Verifying session...
[2025-10-28T09:40:19.177Z] FETCH USER: Verifying session...
[2025-10-28T09:40:19.178Z] ERROR FETCHING USER: Dynamic server usage: Route /admin couldn't be rendered statically because it used `cookies`. See more info here: https://nextjs.org/docs/messages/dynamic-server-error
[2025-10-28T09:40:19.178Z] ERROR FETCHING USER: Dynamic server usage: Route /admin couldn't be rendered statically because it used `cookies`. See more info here: https://nextjs.org/docs/messages/dynamic-server-error
[2025-10-28T09:40:19.182Z] FETCH LABS STARTED: Fetching all lab details with departments, custodians, and assignments
[2025-10-28T09:40:19.190Z] FETCH LABS SUCCESS: Retrieved 8 labs from database
[2025-10-29T07:26:30.239Z] FETCH USER: Verifying session...
[2025-10-29T07:26:30.278Z] FETCH USER FAILED: No active session found
[2025-10-29T07:26:45.257Z] FETCH USER: Verifying session...
[2025-10-29T07:26:45.271Z] FETCH USER FAILED: No active session found
[2025-10-29T07:27:16.320Z] FETCH USER: Verifying session...
[2025-10-29T07:27:16.348Z] FETCH USER FAILED: No active session found
[2025-10-29T07:27:18.945Z] FETCH USER: Verifying session...
[2025-10-29T07:27:18.961Z] FETCH USER FAILED: No active session found
[2025-10-29T07:30:05.898Z] FETCH USER: Verifying session...
[2025-10-29T07:30:05.914Z] FETCH USER FAILED: No active session found
[2025-10-29T07:30:07.231Z] FETCH USER: Verifying session...
[2025-10-29T07:30:07.239Z] FETCH USER FAILED: No active session found
[2025-10-29T07:30:07.572Z] FETCH USER: Verifying session...
[2025-10-29T07:30:07.576Z] FETCH USER FAILED: No active session found
[2025-10-29T07:30:11.844Z] FETCH USER: Verifying session...
[2025-10-29T07:30:11.865Z] FETCH USER FAILED: No active session found
[2025-10-29T07:31:21.392Z] FETCH USER: Verifying session...
[2025-10-29T07:31:21.408Z] FETCH USER FAILED: No active session found
[2025-10-29T07:31:23.856Z] FETCH USER: Verifying session...
[2025-10-29T07:31:23.878Z] FETCH USER FAILED: No active session found
[2025-10-29T07:31:41.398Z] FETCH USER: Verifying session...
[2025-10-29T07:31:41.410Z] FETCH USER FAILED: No active session found
[2025-10-29T07:31:41.705Z] FETCH USER: Verifying session...
[2025-10-29T07:31:41.712Z] FETCH USER FAILED: No active session found
[2025-10-29T07:34:08.264Z] FETCH USER: Verifying session...
[2025-10-29T07:34:08.274Z] FETCH USER FAILED: No active session found
[2025-10-29T07:34:08.464Z] FETCH USER: Verifying session...
[2025-10-29T07:34:08.469Z] FETCH USER FAILED: No active session found
[2025-10-29T07:34:20.654Z] FETCH USER: Verifying session...
[2025-10-29T07:34:20.662Z] FETCH USER FAILED: No active session found
[2025-10-29T07:34:20.881Z] FETCH USER: Verifying session...
[2025-10-29T07:34:20.886Z] FETCH USER FAILED: No active session found
[2025-10-29T07:34:22.659Z] FETCH USER: Verifying session...
[2025-10-29T07:34:22.664Z] FETCH USER FAILED: No active session found
[2025-10-29T07:34:22.822Z] FETCH USER: Verifying session...
[2025-10-29T07:34:22.827Z] FETCH USER FAILED: No active session found
[2025-10-29T07:34:24.207Z] FETCH USER: Verifying session...
[2025-10-29T07:34:24.212Z] FETCH USER FAILED: No active session found
[2025-10-29T07:34:24.368Z] FETCH USER: Verifying session...
[2025-10-29T07:34:24.373Z] FETCH USER FAILED: No active session found
[2025-10-29T07:36:48.739Z] FETCH USER: Verifying session...
[2025-10-29T07:36:48.769Z] FETCH USER FAILED: No active session found
[2025-10-29T07:38:43.937Z] FETCH USER: Verifying session...
[2025-10-29T07:38:43.953Z] FETCH USER FAILED: No active session found
[2025-10-29T07:38:44.315Z] FETCH USER: Verifying session...
[2025-10-29T07:38:44.321Z] FETCH USER FAILED: No active session found
[2025-10-29T07:38:46.500Z] FETCH USER: Verifying session...
[2025-10-29T07:38:46.521Z] FETCH USER FAILED: No active session found
[2025-10-29T07:39:18.070Z] FETCH USER: Verifying session...
[2025-10-29T07:39:18.085Z] FETCH USER FAILED: No active session found
[2025-10-29T07:39:18.397Z] FETCH USER: Verifying session...
[2025-10-29T07:39:18.403Z] FETCH USER FAILED: No active session found
[2025-10-29T07:45:12.995Z] FETCH USER: Verifying session...
[2025-10-29T07:45:13.028Z] FETCH USER FAILED: No active session found
[2025-10-29T07:45:17.871Z] FETCH USER: Verifying session...
[2025-10-29T07:45:17.896Z] FETCH USER FAILED: No active session found
[2025-10-29T07:46:02.391Z] FETCH USER: Verifying session...
[2025-10-29T07:46:02.421Z] FETCH USER FAILED: No active session found
[2025-10-29T07:47:04.521Z] FETCH USER: Verifying session...
[2025-10-29T07:47:04.544Z] FETCH USER FAILED: No active session found
[2025-10-29T07:48:12.263Z] FETCH USER: Verifying session...
[2025-10-29T07:48:12.280Z] FETCH USER FAILED: No active session found
[2025-10-29T07:48:12.641Z] FETCH USER: Verifying session...
[2025-10-29T07:48:12.650Z] FETCH USER FAILED: No active session found
[2025-10-29T07:48:20.476Z] FETCH USER: Verifying session...
[2025-10-29T07:48:20.503Z] FETCH USER FAILED: No active session found
[2025-10-29T07:48:25.137Z] FETCH USER: Verifying session...
[2025-10-29T07:48:25.148Z] FETCH USER FAILED: No active session found
[2025-10-29T07:48:30.579Z] FETCH USER: Verifying session...
[2025-10-29T07:48:30.590Z] FETCH USER FAILED: No active session found
[2025-10-29T07:51:17.284Z] FETCH USER: Verifying session...
[2025-10-29T07:51:17.307Z] FETCH USER FAILED: No active session found
[2025-10-29T07:51:17.719Z] FETCH USER: Verifying session...
[2025-10-29T07:51:17.729Z] FETCH USER FAILED: No active session found
[2025-10-29T08:24:29.669Z] FETCH USER: Verifying session...
[2025-10-29T08:24:29.717Z] FETCH USER FAILED: No active session found
[2025-10-29T08:43:41.467Z] FETCH USER: Verifying session...
[2025-10-29T08:43:41.495Z] FETCH USER FAILED: No active session found
[2025-10-29T09:02:11.825Z] FETCH USER: Verifying session...
[2025-10-29T09:02:11.858Z] FETCH USER FAILED: No active session found
[2025-10-29T09:02:12.839Z] FETCH USER: Verifying session...
[2025-10-29T09:02:12.851Z] FETCH USER FAILED: No active session found
[2025-10-29T09:04:33.900Z] FETCH USER: Verifying session...
[2025-10-29T09:04:33.938Z] FETCH USER FAILED: No active session found
[2025-10-29T09:15:16.143Z] FETCH USER: Verifying session...
[2025-10-29T09:15:16.177Z] FETCH USER FAILED: No active session found
[2025-10-29T09:16:05.478Z] FETCH USER: Verifying session...
[2025-10-29T09:16:05.482Z] FETCH USER: Verifying session...
[2025-10-29T09:16:05.518Z] FETCH USER: Session verified for admin@gmail.com
[2025-10-29T09:16:05.521Z] FETCH USER: Session verified for admin@gmail.com
[2025-10-29T09:16:05.689Z] FETCH USER SUCCESS: admin@gmail.com (role=ADMIN)
[2025-10-29T09:16:05.917Z] FETCH USER SUCCESS: admin@gmail.com (role=ADMIN)
[2025-10-29T09:16:06.030Z] FETCH USER: Verifying session...
[2025-10-29T09:16:06.037Z] FETCH USER: Verifying session...
[2025-10-29T09:16:06.039Z] FETCH USER: Verifying session...
[2025-10-29T09:16:06.051Z] FETCH USER: Session verified for admin@gmail.com
[2025-10-29T09:16:06.058Z] FETCH USER: Session verified for admin@gmail.com
[2025-10-29T09:16:06.059Z] FETCH USER: Session verified for admin@gmail.com
[2025-10-29T09:16:06.064Z] FETCH USER SUCCESS: admin@gmail.com (role=ADMIN)
[2025-10-29T09:16:06.075Z] FETCH USER SUCCESS: admin@gmail.com (role=ADMIN)
[2025-10-29T09:16:06.077Z] FETCH USER SUCCESS: admin@gmail.com (role=ADMIN)
[2025-10-29T09:16:07.103Z] FETCH USER: Verifying session...
[2025-10-29T09:16:07.106Z] FETCH USER: Verifying session...
[2025-10-29T09:16:07.116Z] FETCH USER: Session verified for admin@gmail.com
[2025-10-29T09:16:07.117Z] FETCH USER: Session verified for admin@gmail.com
[2025-10-29T09:16:07.125Z] FETCH USER SUCCESS: admin@gmail.com (role=ADMIN)
[2025-10-29T09:16:07.126Z] FETCH USER SUCCESS: admin@gmail.com (role=ADMIN)
[2025-10-29T09:16:07.848Z] FETCH USER: Verifying session...
[2025-10-29T09:16:07.850Z] FETCH USER: Verifying session...
[2025-10-29T09:16:07.898Z] FETCH USER: Session verified for admin@gmail.com
[2025-10-29T09:16:07.899Z] FETCH USER: Session verified for admin@gmail.com
[2025-10-29T09:16:07.907Z] FETCH USER SUCCESS: admin@gmail.com (role=ADMIN)
[2025-10-29T09:16:07.908Z] FETCH USER SUCCESS: admin@gmail.com (role=ADMIN)
[2025-10-29T09:34:18.380Z] FETCH USER: Verifying session...
[2025-10-29T09:34:18.391Z] ERROR FETCHING USER: Dynamic server usage: Route /_not-found couldn't be rendered statically because it used `cookies`. See more info here: https://nextjs.org/docs/messages/dynamic-server-error
[2025-10-29T09:34:18.616Z] FETCH USER: Verifying session...
[2025-10-29T09:34:18.619Z] ERROR FETCHING USER: Dynamic server usage: Route /admin/items_logs couldn't be rendered statically because it used `cookies`. See more info here: https://nextjs.org/docs/messages/dynamic-server-error
[2025-10-29T09:34:18.646Z] FETCH USER: Verifying session...
[2025-10-29T09:34:18.647Z] FETCH USER: Verifying session...
[2025-10-29T09:34:18.650Z] ERROR FETCHING USER: Dynamic server usage: Route /custodian couldn't be rendered statically because it used `cookies`. See more info here: https://nextjs.org/docs/messages/dynamic-server-error
[2025-10-29T09:34:18.651Z] ERROR FETCHING USER: Dynamic server usage: Route /custodian couldn't be rendered statically because it used `cookies`. See more info here: https://nextjs.org/docs/messages/dynamic-server-error
[2025-10-29T09:34:18.677Z] FETCH USER: Verifying session...
[2025-10-29T09:34:18.679Z] FETCH USER: Verifying session...
[2025-10-29T09:34:18.680Z] ERROR FETCHING USER: Dynamic server usage: Route /custodian/items_logs couldn't be rendered statically because it used `cookies`. See more info here: https://nextjs.org/docs/messages/dynamic-server-error
[2025-10-29T09:34:18.681Z] ERROR FETCHING USER: Dynamic server usage: Route /custodian/items_logs couldn't be rendered statically because it used `cookies`. See more info here: https://nextjs.org/docs/messages/dynamic-server-error
[2025-10-29T09:34:18.721Z] FETCH USER: Verifying session...
[2025-10-29T09:34:18.723Z] ERROR FETCHING USER: Dynamic server usage: Route / couldn't be rendered statically because it used `cookies`. See more info here: https://nextjs.org/docs/messages/dynamic-server-error
[2025-10-29T09:34:18.931Z] FETCH USER: Verifying session...
[2025-10-29T09:34:18.932Z] FETCH USER: Verifying session...
[2025-10-29T09:34:18.934Z] ERROR FETCHING USER: Dynamic server usage: Route /user/inventory couldn't be rendered statically because it used `cookies`. See more info here: https://nextjs.org/docs/messages/dynamic-server-error
[2025-10-29T09:34:18.934Z] ERROR FETCHING USER: Dynamic server usage: Route /user/inventory couldn't be rendered statically because it used `cookies`. See more info here: https://nextjs.org/docs/messages/dynamic-server-error
[2025-10-29T09:34:18.935Z] FETCH LABS STARTED: Fetching all lab details with departments, custodians, and assignments
[2025-10-29T09:34:18.949Z] FETCH USER: Verifying session...
[2025-10-29T09:34:18.951Z] ERROR FETCHING USER: Dynamic server usage: Route /login couldn't be rendered statically because it used `cookies`. See more info here: https://nextjs.org/docs/messages/dynamic-server-error
[2025-10-29T09:34:18.991Z] FETCH USER: Verifying session...
[2025-10-29T09:34:18.993Z] ERROR FETCHING USER: Dynamic server usage: Route /admin/laboratory couldn't be rendered statically because it used `cookies`. See more info here: https://nextjs.org/docs/messages/dynamic-server-error
[2025-10-29T09:34:19.006Z] FETCH USER: Verifying session...
[2025-10-29T09:34:19.007Z] FETCH USER: Verifying session...
[2025-10-29T09:34:19.009Z] ERROR FETCHING USER: Dynamic server usage: Route /user couldn't be rendered statically because it used `cookies`. See more info here: https://nextjs.org/docs/messages/dynamic-server-error
[2025-10-29T09:34:19.010Z] ERROR FETCHING USER: Dynamic server usage: Route /user couldn't be rendered statically because it used `cookies`. See more info here: https://nextjs.org/docs/messages/dynamic-server-error
[2025-10-29T09:34:19.037Z] FETCH USER: Verifying session...
[2025-10-29T09:34:19.039Z] FETCH DEPARTMENT STARTED: Fetching all departments with labs and custodians
[2025-10-29T09:34:19.040Z] ERROR FETCHING USER: Dynamic server usage: Route /admin/inventory couldn't be rendered statically because it used `cookies`. See more info here: https://nextjs.org/docs/messages/dynamic-server-error
[2025-10-29T09:34:19.050Z] FETCH USER: Verifying session...
[2025-10-29T09:34:19.051Z] FETCH USER: Verifying session...
[2025-10-29T09:34:19.053Z] ERROR FETCHING USER: Dynamic server usage: Route /custodian/profile couldn't be rendered statically because it used `cookies`. See more info here: https://nextjs.org/docs/messages/dynamic-server-error
[2025-10-29T09:34:19.053Z] ERROR FETCHING USER: Dynamic server usage: Route /custodian/profile couldn't be rendered statically because it used `cookies`. See more info here: https://nextjs.org/docs/messages/dynamic-server-error
[2025-10-29T09:34:19.072Z] FETCH USER: Verifying session...
[2025-10-29T09:34:19.074Z] ERROR FETCHING USER: Dynamic server usage: Route /register couldn't be rendered statically because it used `cookies`. See more info here: https://nextjs.org/docs/messages/dynamic-server-error
[2025-10-29T09:34:19.113Z] FETCH USER: Verifying session...
[2025-10-29T09:34:19.114Z] FETCH USER: Verifying session...
[2025-10-29T09:34:19.116Z] ERROR FETCHING USER: Dynamic server usage: Route /admin couldn't be rendered statically because it used `cookies`. See more info here: https://nextjs.org/docs/messages/dynamic-server-error
[2025-10-29T09:34:19.117Z] ERROR FETCHING USER: Dynamic server usage: Route /admin couldn't be rendered statically because it used `cookies`. See more info here: https://nextjs.org/docs/messages/dynamic-server-error
[2025-10-29T09:34:19.150Z] FETCH LABS SUCCESS: Retrieved 8 labs from database
[2025-10-29T09:34:19.167Z] FETCH LABS STARTED: Fetching all lab details with departments, custodians, and assignments
[2025-10-29T09:34:19.173Z] FETCH LABS SUCCESS: Retrieved 8 labs from database
[2025-10-29T09:34:19.240Z] FETCH DEPARTMENT SUCCESS: Retrieved 6 departments
[2025-10-29T09:34:19.293Z] FETCH USER: Verifying session...
[2025-10-29T09:34:19.295Z] ERROR FETCHING USER: Dynamic server usage: Route /admin/users couldn't be rendered statically because it used `cookies`. See more info here: https://nextjs.org/docs/messages/dynamic-server-error
[2025-10-29T09:34:19.307Z] FETCH USER: Verifying session...
[2025-10-29T09:34:19.308Z] FETCH USER: Verifying session...
[2025-10-29T09:34:19.310Z] ERROR FETCHING USER: Dynamic server usage: Route /custodian/notification couldn't be rendered statically because it used `cookies`. See more info here: https://nextjs.org/docs/messages/dynamic-server-error
[2025-10-29T09:34:19.310Z] ERROR FETCHING USER: Dynamic server usage: Route /custodian/notification couldn't be rendered statically because it used `cookies`. See more info here: https://nextjs.org/docs/messages/dynamic-server-error
[2025-10-29T09:34:19.317Z] FETCHED USERS: 7 users
[2025-10-29T09:34:19.318Z] FETCH LABS STARTED: Fetching all lab details with departments, custodians, and assignments
[2025-10-29T09:34:19.328Z] FETCH LABS SUCCESS: Retrieved 8 labs from database
[2025-10-29T09:35:42.906Z] FETCH USER: Verifying session...
[2025-10-29T09:35:42.916Z] FETCH USER FAILED: No active session found
[2025-10-31T07:15:12.227Z] FETCH USER: Verifying session...
[2025-10-31T07:15:12.231Z] FETCH USER: Verifying session...
[2025-10-31T07:15:12.235Z] ERROR FETCHING USER: Dynamic server usage: Route /admin couldn't be rendered statically because it used `cookies`. See more info here: https://nextjs.org/docs/messages/dynamic-server-error
[2025-10-31T07:15:12.235Z] ERROR FETCHING USER: Dynamic server usage: Route /admin couldn't be rendered statically because it used `cookies`. See more info here: https://nextjs.org/docs/messages/dynamic-server-error
[2025-10-31T07:15:12.314Z] FETCH USER: Verifying session...
[2025-10-31T07:15:12.314Z] FETCH USER: Verifying session...
[2025-10-31T07:15:12.316Z] ERROR FETCHING USER: Dynamic server usage: Route /custodian couldn't be rendered statically because it used `cookies`. See more info here: https://nextjs.org/docs/messages/dynamic-server-error
[2025-10-31T07:15:12.316Z] ERROR FETCHING USER: Dynamic server usage: Route /custodian couldn't be rendered statically because it used `cookies`. See more info here: https://nextjs.org/docs/messages/dynamic-server-error
[2025-10-31T07:15:12.353Z] FETCH USER: Verifying session...
[2025-10-31T07:15:12.353Z] FETCH DEPARTMENT STARTED: Fetching all departments with labs and custodians
[2025-10-31T07:15:12.354Z] ERROR FETCHING USER: Dynamic server usage: Route /admin/inventory couldn't be rendered statically because it used `cookies`. See more info here: https://nextjs.org/docs/messages/dynamic-server-error
[2025-10-31T07:15:12.390Z] FETCH USER: Verifying session...
[2025-10-31T07:15:12.391Z] ERROR FETCHING USER: Dynamic server usage: Route /admin/laboratory couldn't be rendered statically because it used `cookies`. See more info here: https://nextjs.org/docs/messages/dynamic-server-error
[2025-10-31T07:15:12.398Z] FETCH USER: Verifying session...
[2025-10-31T07:15:12.399Z] ERROR FETCHING USER: Dynamic server usage: Route /_not-found couldn't be rendered statically because it used `cookies`. See more info here: https://nextjs.org/docs/messages/dynamic-server-error
[2025-10-31T07:15:12.494Z] FETCH LABS STARTED: Fetching all lab details with departments, custodians, and assignments
[2025-10-31T07:15:12.514Z] FETCH DEPARTMENT SUCCESS: Retrieved 6 departments
[2025-10-31T07:15:12.555Z] FETCH LABS SUCCESS: Retrieved 8 labs from database
[2025-10-31T07:15:12.599Z] FETCH USER: Verifying session...
[2025-10-31T07:15:12.600Z] FETCH USER: Verifying session...
[2025-10-31T07:15:12.601Z] ERROR FETCHING USER: Dynamic server usage: Route /custodian/notification couldn't be rendered statically because it used `cookies`. See more info here: https://nextjs.org/docs/messages/dynamic-server-error
[2025-10-31T07:15:12.602Z] ERROR FETCHING USER: Dynamic server usage: Route /custodian/notification couldn't be rendered statically because it used `cookies`. See more info here: https://nextjs.org/docs/messages/dynamic-server-error
[2025-10-31T07:15:12.622Z] FETCH USER: Verifying session...
[2025-10-31T07:15:12.623Z] FETCH USER: Verifying session...
[2025-10-31T07:15:12.623Z] ERROR FETCHING USER: Dynamic server usage: Route /custodian/items_logs couldn't be rendered statically because it used `cookies`. See more info here: https://nextjs.org/docs/messages/dynamic-server-error
[2025-10-31T07:15:12.624Z] ERROR FETCHING USER: Dynamic server usage: Route /custodian/items_logs couldn't be rendered statically because it used `cookies`. See more info here: https://nextjs.org/docs/messages/dynamic-server-error
[2025-10-31T07:15:12.638Z] FETCH USER: Verifying session...
[2025-10-31T07:15:12.639Z] ERROR FETCHING USER: Dynamic server usage: Route /login couldn't be rendered statically because it used `cookies`. See more info here: https://nextjs.org/docs/messages/dynamic-server-error
[2025-10-31T07:15:12.665Z] FETCH USER: Verifying session...
[2025-10-31T07:15:12.667Z] ERROR FETCHING USER: Dynamic server usage: Route /admin/users couldn't be rendered statically because it used `cookies`. See more info here: https://nextjs.org/docs/messages/dynamic-server-error
[2025-10-31T07:15:12.677Z] FETCH USER: Verifying session...
[2025-10-31T07:15:12.678Z] ERROR FETCHING USER: Dynamic server usage: Route / couldn't be rendered statically because it used `cookies`. See more info here: https://nextjs.org/docs/messages/dynamic-server-error
[2025-10-31T07:15:12.694Z] FETCH USER: Verifying session...
[2025-10-31T07:15:12.694Z] FETCH USER: Verifying session...
[2025-10-31T07:15:12.695Z] ERROR FETCHING USER: Dynamic server usage: Route /custodian/profile couldn't be rendered statically because it used `cookies`. See more info here: https://nextjs.org/docs/messages/dynamic-server-error
[2025-10-31T07:15:12.695Z] ERROR FETCHING USER: Dynamic server usage: Route /custodian/profile couldn't be rendered statically because it used `cookies`. See more info here: https://nextjs.org/docs/messages/dynamic-server-error
[2025-10-31T07:15:12.707Z] FETCH USER: Verifying session...
[2025-10-31T07:15:12.707Z] FETCH USER: Verifying session...
[2025-10-31T07:15:12.708Z] ERROR FETCHING USER: Dynamic server usage: Route /user couldn't be rendered statically because it used `cookies`. See more info here: https://nextjs.org/docs/messages/dynamic-server-error
[2025-10-31T07:15:12.709Z] ERROR FETCHING USER: Dynamic server usage: Route /user couldn't be rendered statically because it used `cookies`. See more info here: https://nextjs.org/docs/messages/dynamic-server-error
[2025-10-31T07:15:12.718Z] FETCH USER: Verifying session...
[2025-10-31T07:15:12.719Z] FETCH USER: Verifying session...
[2025-10-31T07:15:12.720Z] ERROR FETCHING USER: Dynamic server usage: Route /user/inventory couldn't be rendered statically because it used `cookies`. See more info here: https://nextjs.org/docs/messages/dynamic-server-error
[2025-10-31T07:15:12.721Z] ERROR FETCHING USER: Dynamic server usage: Route /user/inventory couldn't be rendered statically because it used `cookies`. See more info here: https://nextjs.org/docs/messages/dynamic-server-error
[2025-10-31T07:15:12.721Z] FETCH LABS STARTED: Fetching all lab details with departments, custodians, and assignments
[2025-10-31T07:15:12.724Z] FETCHED USERS: 7 users
[2025-10-31T07:15:12.724Z] FETCH LABS STARTED: Fetching all lab details with departments, custodians, and assignments
[2025-10-31T07:15:12.736Z] FETCH LABS SUCCESS: Retrieved 8 labs from database
[2025-10-31T07:15:12.737Z] FETCH LABS SUCCESS: Retrieved 8 labs from database
[2025-10-31T07:15:12.759Z] FETCH USER: Verifying session...
[2025-10-31T07:15:12.761Z] ERROR FETCHING USER: Dynamic server usage: Route /admin/items_logs couldn't be rendered statically because it used `cookies`. See more info here: https://nextjs.org/docs/messages/dynamic-server-error
[2025-10-31T07:15:12.774Z] FETCH USER: Verifying session...
[2025-10-31T07:15:12.776Z] ERROR FETCHING USER: Dynamic server usage: Route /register couldn't be rendered statically because it used `cookies`. See more info here: https://nextjs.org/docs/messages/dynamic-server-error
[2025-10-31T07:16:01.345Z] FETCH USER: Verifying session...
[2025-10-31T07:16:01.348Z] FETCH USER FAILED: No active session found
[2025-10-31T07:16:10.701Z] FETCH USER: Verifying session...
[2025-10-31T07:16:10.702Z] FETCH USER FAILED: No active session found
[2025-10-31T07:17:11.663Z] FETCH USER: Verifying session...
[2025-10-31T07:17:11.664Z] FETCH USER: Verifying session...
[2025-10-31T07:17:11.667Z] FETCH USER: Session verified for admin@gmail.com
[2025-10-31T07:17:11.668Z] FETCH USER: Session verified for admin@gmail.com
[2025-10-31T07:17:11.683Z] FETCH USER SUCCESS: admin@gmail.com (role=ADMIN)
[2025-10-31T07:17:11.716Z] FETCH USER SUCCESS: admin@gmail.com (role=ADMIN)
[2025-10-31T07:17:11.723Z] FETCH USER: Verifying session...
[2025-10-31T07:17:11.725Z] FETCH USER: Session verified for admin@gmail.com
[2025-10-31T07:17:11.731Z] FETCH USER SUCCESS: admin@gmail.com (role=ADMIN)
[2025-10-31T07:17:14.470Z] FETCHED USERS: 7 users
[2025-10-31T07:17:48.585Z] FETCH DEPARTMENT STARTED: Fetching all departments with labs and custodians
[2025-10-31T07:17:48.588Z] FETCHED USERS: 7 users
[2025-10-31T07:17:48.589Z] FETCH LABS STARTED: Fetching all lab details with departments, custodians, and assignments
[2025-10-31T07:17:48.592Z] FETCH DEPARTMENT SUCCESS: Retrieved 6 departments
[2025-10-31T07:17:48.595Z] FETCH LABS SUCCESS: Retrieved 8 labs from database
[2025-10-31T07:17:50.241Z] FETCH USER: Verifying session...
[2025-10-31T07:17:50.243Z] FETCH USER: Session verified for admin@gmail.com
[2025-10-31T07:17:50.247Z] FETCH USER SUCCESS: admin@gmail.com (role=ADMIN)
[2025-10-31T07:18:02.084Z] FETCH USER: Verifying session...
[2025-10-31T07:18:02.084Z] FETCH USER: Verifying session...
[2025-10-31T07:18:02.087Z] FETCH USER: Session verified for admin@gmail.com
[2025-10-31T07:18:02.087Z] FETCH USER: Session verified for admin@gmail.com
[2025-10-31T07:18:02.091Z] FETCH USER SUCCESS: admin@gmail.com (role=ADMIN)
[2025-10-31T07:18:02.091Z] FETCH USER SUCCESS: admin@gmail.com (role=ADMIN)
[2025-10-31T07:18:02.269Z] FETCHED USERS: 7 users
[2025-10-31T07:18:05.755Z] FETCH DEPARTMENT STARTED: Fetching all departments with labs and custodians
[2025-10-31T07:18:05.758Z] FETCH DEPARTMENT SUCCESS: Retrieved 6 departments
[2025-10-31T07:18:10.414Z] FETCHED USERS: 7 users
[2025-10-31T07:18:10.415Z] FETCH LABS STARTED: Fetching all lab details with departments, custodians, and assignments
[2025-10-31T07:18:10.419Z] FETCH LABS SUCCESS: Retrieved 8 labs from database
[2025-10-31T07:18:49.452Z] FETCH DEPARTMENT STARTED: Fetching all departments with labs and custodians
[2025-10-31T07:18:49.456Z] FETCH DEPARTMENT SUCCESS: Retrieved 6 departments
[2025-10-31T07:19:39.331Z] FETCH LABS STARTED: Fetching all lab details with departments, custodians, and assignments
[2025-10-31T07:19:39.334Z] FETCH LABS SUCCESS: Retrieved 8 labs from database
[2025-10-31T07:20:11.922Z] CREATE LAB STARTED: Attempting to create lab "sedddd" (Dept: 2, Custodian: aswani@gmail.com)
[2025-10-31T07:20:11.948Z] CREATE LAB SUCCESS: Lab "sedddd" created successfully (ID: 21)
[2025-10-31T07:20:11.949Z] FETCH USER: Verifying session...
[2025-10-31T07:20:11.951Z] FETCH USER: Session verified for admin@gmail.com
[2025-10-31T07:20:11.954Z] FETCH USER SUCCESS: admin@gmail.com (role=ADMIN)
[2025-10-31T07:20:11.956Z] FETCH LABS STARTED: Fetching all lab details with departments, custodians, and assignments
[2025-10-31T07:20:11.960Z] FETCH LABS SUCCESS: Retrieved 9 labs from database
[2025-10-31T07:20:38.474Z] DELETE LAB STARTED: Attempting to delete lab with ID: 21
[2025-10-31T07:20:38.483Z] DELETE LAB STEP: Deleted 0 assigned labs for LabID: 21
[2025-10-31T07:20:38.486Z] DELETE LAB STEP: Deleted 0 items for LabID: 21
[2025-10-31T07:20:38.490Z] DELETE LAB SUCCESS: Lab deleted successfully (LabID: 21, LabName: sedddd)
[2025-10-31T07:20:38.491Z] FETCH USER: Verifying session...
[2025-10-31T07:20:38.493Z] FETCH USER: Session verified for admin@gmail.com
[2025-10-31T07:20:38.496Z] FETCH USER SUCCESS: admin@gmail.com (role=ADMIN)
[2025-10-31T07:20:38.499Z] FETCH LABS STARTED: Fetching all lab details with departments, custodians, and assignments
[2025-10-31T07:20:38.503Z] FETCH LABS SUCCESS: Retrieved 8 labs from database
[2025-10-31T07:20:38.529Z] DELETE LAB STARTED: Attempting to delete lab with ID: 21
[2025-10-31T07:20:38.530Z] DELETE LAB STEP: Deleted 0 assigned labs for LabID: 21
[2025-10-31T07:20:38.531Z] DELETE LAB STEP: Deleted 0 items for LabID: 21
[2025-10-31T07:20:38.535Z] DELETE LAB ERROR: Failed to delete lab with ID 21 - 
Invalid `prisma.lab.delete()` invocation:


An operation failed because it depends on one or more records that were required but not found. No record was found for a delete.
[2025-10-31T07:20:38.583Z] DELETE LAB STARTED: Attempting to delete lab with ID: 21
[2025-10-31T07:20:38.585Z] DELETE LAB STEP: Deleted 0 assigned labs for LabID: 21
[2025-10-31T07:20:38.587Z] DELETE LAB STEP: Deleted 0 items for LabID: 21
[2025-10-31T07:20:38.589Z] DELETE LAB ERROR: Failed to delete lab with ID 21 - 
Invalid `prisma.lab.delete()` invocation:


An operation failed because it depends on one or more records that were required but not found. No record was found for a delete.
[2025-10-31T07:20:38.611Z] DELETE LAB STARTED: Attempting to delete lab with ID: 21
[2025-10-31T07:20:38.613Z] DELETE LAB STEP: Deleted 0 assigned labs for LabID: 21
[2025-10-31T07:20:38.615Z] DELETE LAB STEP: Deleted 0 items for LabID: 21
[2025-10-31T07:20:38.617Z] DELETE LAB ERROR: Failed to delete lab with ID 21 - 
Invalid `prisma.lab.delete()` invocation:


An operation failed because it depends on one or more records that were required but not found. No record was found for a delete.
[2025-10-31T07:20:38.635Z] DELETE LAB STARTED: Attempting to delete lab with ID: 21
[2025-10-31T07:20:38.636Z] DELETE LAB STEP: Deleted 0 assigned labs for LabID: 21
[2025-10-31T07:20:38.638Z] DELETE LAB STEP: Deleted 0 items for LabID: 21
[2025-10-31T07:20:38.640Z] DELETE LAB ERROR: Failed to delete lab with ID 21 - 
Invalid `prisma.lab.delete()` invocation:


An operation failed because it depends on one or more records that were required but not found. No record was found for a delete.
[2025-10-31T07:20:38.668Z] DELETE LAB STARTED: Attempting to delete lab with ID: 16
[2025-10-31T07:20:38.670Z] DELETE LAB STEP: Deleted 0 assigned labs for LabID: 16
[2025-10-31T07:20:38.672Z] DELETE LAB STEP: Deleted 0 items for LabID: 16
[2025-10-31T07:20:38.674Z] DELETE LAB SUCCESS: Lab deleted successfully (LabID: 16, LabName: LAB RRD$44)
[2025-10-31T07:20:38.675Z] FETCH USER: Verifying session...
[2025-10-31T07:20:38.678Z] FETCH USER: Session verified for admin@gmail.com
[2025-10-31T07:20:38.681Z] FETCH USER SUCCESS: admin@gmail.com (role=ADMIN)
[2025-10-31T07:20:38.683Z] FETCH LABS STARTED: Fetching all lab details with departments, custodians, and assignments
[2025-10-31T07:20:38.688Z] FETCH LABS SUCCESS: Retrieved 7 labs from database
[2025-10-31T07:20:53.781Z] DELETE LAB STARTED: Attempting to delete lab with ID: 13
[2025-10-31T07:20:53.782Z] DELETE LAB STEP: Deleted 0 assigned labs for LabID: 13
[2025-10-31T07:20:53.784Z] DELETE LAB STEP: Deleted 1 items for LabID: 13
[2025-10-31T07:20:53.786Z] DELETE LAB SUCCESS: Lab deleted successfully (LabID: 13, LabName: lab47)
[2025-10-31T07:20:53.787Z] FETCH USER: Verifying session...
[2025-10-31T07:20:53.790Z] FETCH USER: Session verified for admin@gmail.com
[2025-10-31T07:20:53.794Z] FETCH USER SUCCESS: admin@gmail.com (role=ADMIN)
[2025-10-31T07:20:53.796Z] FETCH LABS STARTED: Fetching all lab details with departments, custodians, and assignments
[2025-10-31T07:20:53.799Z] FETCH LABS SUCCESS: Retrieved 6 labs from database
[2025-10-31T07:21:20.210Z] LOGOUT: Verifying active session...
[2025-10-31T07:21:20.213Z] LOGOUT SUCCESS: admin@gmail.com logged out successfully
[2025-10-31T07:21:20.214Z] FETCH USER: Verifying session...
[2025-10-31T07:21:20.215Z] FETCH USER FAILED: No active session found
[2025-10-31T07:21:20.222Z] FETCH LABS STARTED: Fetching all lab details with departments, custodians, and assignments
[2025-10-31T07:21:20.225Z] FETCH LABS SUCCESS: Retrieved 6 labs from database
[2025-10-31T07:21:23.306Z] FETCH USER: Verifying session...
[2025-10-31T07:21:23.307Z] FETCH USER FAILED: No active session found
[2025-10-31T07:21:26.195Z] FETCH USER: Verifying session...
[2025-10-31T07:21:26.196Z] FETCH USER FAILED: No active session found
[2025-10-31T07:21:35.110Z] FETCH USER: Verifying session...
[2025-10-31T07:21:35.112Z] FETCH USER FAILED: No active session found
[2025-10-31T07:21:38.252Z] FETCH USER: Verifying session...
[2025-10-31T07:21:38.253Z] FETCH USER FAILED: No active session found
[2025-10-31T07:22:48.248Z] FETCH USER: Verifying session...
[2025-10-31T07:22:48.249Z] FETCH USER FAILED: No active session found
[2025-11-03T06:10:51.374Z] FETCH USER: Verifying session...
[2025-11-03T06:10:51.432Z] FETCH USER FAILED: No active session found
